{
  "stats": {
    "suites": 1,
    "tests": 1,
    "passes": 1,
    "pending": 0,
    "failures": 0,
    "start": "2025-10-25T08:49:05.390Z",
    "end": "2025-10-25T08:49:23.352Z",
    "duration": 17962,
    "testsRegistered": 1,
    "passPercent": 100,
    "pendingPercent": 0,
    "other": 0,
    "hasOther": false,
    "skipped": 0,
    "hasSkipped": false
  },
  "results": [
    {
      "uuid": "576cafc6-788c-442b-88c0-2c6a95ca3372",
      "title": "",
      "fullFile": "/Users/putristphn/Documents/qa-engineer/digital-skola/webUIAutomation/tests/sesi9_putristphn.js",
      "file": "/tests/sesi9_putristphn.js",
      "beforeHooks": [],
      "afterHooks": [],
      "tests": [],
      "suites": [
        {
          "uuid": "d9b340b9-c0a0-42cb-b656-b0150c3c38b2",
          "title": "SauceDemo website – Login & Sort product name Z→A",
          "fullFile": "/Users/putristphn/Documents/qa-engineer/digital-skola/webUIAutomation/tests/sesi9_putristphn.js",
          "file": "/tests/sesi9_putristphn.js",
          "beforeHooks": [],
          "afterHooks": [
            {
              "title": "\"after each\" hook in \"SauceDemo website – Login & Sort product name Z→A\"",
              "fullTitle": "SauceDemo website – Login & Sort product name Z→A \"after each\" hook in \"SauceDemo website – Login & Sort product name Z→A\"",
              "timedOut": false,
              "duration": 54,
              "state": null,
              "speed": null,
              "pass": false,
              "fail": false,
              "pending": false,
              "context": null,
              "code": "if (driver) {\n    await driver.quit();\n    driver = null;\n}",
              "err": {},
              "uuid": "83ae2bcd-7b58-48ca-9263-67673da78d5c",
              "parentUUID": "d9b340b9-c0a0-42cb-b656-b0150c3c38b2",
              "isHook": true,
              "skipped": false
            }
          ],
          "tests": [
            {
              "title": "Successfully login to SauceDemo website & Sort product name from Z→A",
              "fullTitle": "SauceDemo website – Login & Sort product name Z→A Successfully login to SauceDemo website & Sort product name from Z→A",
              "timedOut": false,
              "duration": 17903,
              "state": "passed",
              "speed": "slow",
              "pass": true,
              "fail": false,
              "pending": false,
              "context": null,
              "code": "options = new chrome.Options();\noptions.addArguments('--incognito'); // Add Chrome option to run in incognito mode so that no password-save popup appears\ndriver = await new Builder()\n    .forBrowser('chrome')\n    .setChromeOptions(options)\n    .build();\nawait driver.get('https://www.saucedemo.com');\nconst title = await driver.getTitle();\n// Validate the title page\nassert.strictEqual(title, 'Swag Labs');\n// Login inputs\nlet inputUsername = await driver.findElement(By.css('[data-test=\"username\"]'))\nlet inputPassword = await driver.findElement(By.css('[data-test=\"password\"]'))\nlet buttonLogin = await driver.findElement(By.css('[data-test=\"login-button\"]'))\nawait inputUsername.sendKeys('standard_user')\n// Small wait to allow input username to take effect\nawait driver.sleep(3000);\nawait inputPassword.sendKeys('secret_sauce')\n// Small wait to allow input password to take effect\nawait driver.sleep(3000);\nawait buttonLogin.click()\n// Small wait to allow login button to take effect\nawait driver.sleep(3000);\n\n// Wait for the shopping cart link to appear and be visible\nlet buttonCart = await driver.wait(\n    until.elementLocated(By.css('[data-test=\"shopping-cart-link\"]')),\n    10000\n);\nconst visible = await driver.wait(until.elementIsVisible(buttonCart), 5000, 'Shopping cart should be displayed');\n// Assert the element is visible\nassert.ok(await buttonCart.isDisplayed());\n// Validate that the text within the element is correct\nlet textAppLogo = await driver.findElement(By.className('app_logo'))\nlet logotext = await textAppLogo.getText()\nassert.strictEqual(logotext, 'Swag Labs')\n// Dropdown option and select sort Z→A\nlet dropdownSort = await driver.findElement(By.xpath('//select[@data-test=\"product-sort-container\"]'))\nawait dropdownSort.click()\n// Small wait to allow dropdown to take effect\nawait driver.sleep(3000);\nlet option = await driver.findElement(By.xpath('//option[text()=\"Name (Z to A)\"]'));\nawait option.click();\n// Small wait to allow sorting to take effect\nawait driver.sleep(3000);",
              "err": {},
              "uuid": "2dfc7d9f-8f37-4995-9ade-742d43e1d54d",
              "parentUUID": "d9b340b9-c0a0-42cb-b656-b0150c3c38b2",
              "isHook": false,
              "skipped": false
            }
          ],
          "suites": [],
          "passes": [
            "2dfc7d9f-8f37-4995-9ade-742d43e1d54d"
          ],
          "failures": [],
          "pending": [],
          "skipped": [],
          "duration": 17903,
          "root": false,
          "rootEmpty": false,
          "_timeout": 30000
        }
      ],
      "passes": [],
      "failures": [],
      "pending": [],
      "skipped": [],
      "duration": 0,
      "root": true,
      "rootEmpty": true,
      "_timeout": 2000
    }
  ],
  "meta": {
    "mocha": {
      "version": "10.8.2"
    },
    "mochawesome": {
      "options": {
        "quiet": false,
        "reportFilename": "mochawesome",
        "saveHtml": true,
        "saveJson": true,
        "consoleReporter": "spec",
        "useInlineDiffs": false,
        "code": true
      },
      "version": "7.1.4"
    },
    "marge": {
      "options": null,
      "version": "6.3.0"
    }
  }
}