{
  "stats": {
    "suites": 1,
    "tests": 1,
    "passes": 0,
    "pending": 0,
    "failures": 1,
    "start": "2025-10-28T09:05:45.699Z",
    "end": "2025-10-28T09:05:47.816Z",
    "duration": 2117,
    "testsRegistered": 1,
    "passPercent": 0,
    "pendingPercent": 0,
    "other": 0,
    "hasOther": false,
    "skipped": 0,
    "hasSkipped": false
  },
  "results": [
    {
      "uuid": "320eb908-d32c-4883-8f58-abb6c85d2d90",
      "title": "",
      "fullFile": "/Users/putristphn/Documents/qa-engineer/digital-skola/webUIAutomation/tests/sesi10_putristphn.js",
      "file": "/tests/sesi10_putristphn.js",
      "beforeHooks": [],
      "afterHooks": [],
      "tests": [],
      "suites": [
        {
          "uuid": "bde0c730-8252-4512-a1d1-86702c5b467b",
          "title": "SauceDemo website – Login & Sort product name Z→A",
          "fullFile": "/Users/putristphn/Documents/qa-engineer/digital-skola/webUIAutomation/tests/sesi10_putristphn.js",
          "file": "/tests/sesi10_putristphn.js",
          "beforeHooks": [
            {
              "title": "\"before all\" hook in \"SauceDemo website – Login & Sort product name Z→A\"",
              "fullTitle": "SauceDemo website – Login & Sort product name Z→A \"before all\" hook in \"SauceDemo website – Login & Sort product name Z→A\"",
              "timedOut": false,
              "duration": 0,
              "state": null,
              "speed": null,
              "pass": false,
              "fail": false,
              "pending": false,
              "context": null,
              "code": "// you can put global setup here if needed (env checks, etc.)\nconsole.log('🔥 Starting SauceDemo UI tests');",
              "err": {},
              "uuid": "1388d8d5-b48d-43b2-94ec-84b685ba5bd0",
              "parentUUID": "bde0c730-8252-4512-a1d1-86702c5b467b",
              "isHook": true,
              "skipped": false
            },
            {
              "title": "\"before each\" hook in \"SauceDemo website – Login & Sort product name Z→A\"",
              "fullTitle": "SauceDemo website – Login & Sort product name Z→A \"before each\" hook in \"SauceDemo website – Login & Sort product name Z→A\"",
              "timedOut": false,
              "duration": 1136,
              "state": null,
              "speed": null,
              "pass": false,
              "fail": false,
              "pending": false,
              "context": null,
              "code": "const options = new chrome.Options().addArguments('--incognito');\n// enable headless via env for CI: HEADLESS=true npm test\nif (process.env.HEADLESS === 'true') options.addArguments('--headless=new');\ndriver = await new Builder()\n  .forBrowser('chrome')\n  .setChromeOptions(options)\n  .build();",
              "err": {},
              "uuid": "45cb0549-d455-42ef-aec0-c7f4b1a5026e",
              "parentUUID": "bde0c730-8252-4512-a1d1-86702c5b467b",
              "isHook": true,
              "skipped": false
            }
          ],
          "afterHooks": [
            {
              "title": "\"after all\" hook in \"SauceDemo website – Login & Sort product name Z→A\"",
              "fullTitle": "SauceDemo website – Login & Sort product name Z→A \"after all\" hook in \"SauceDemo website – Login & Sort product name Z→A\"",
              "timedOut": false,
              "duration": 0,
              "state": null,
              "speed": null,
              "pass": false,
              "fail": false,
              "pending": false,
              "context": null,
              "code": "console.log('✅ SauceDemo UI tests finished');",
              "err": {},
              "uuid": "8440f526-0512-4fac-933f-6ccc76e87486",
              "parentUUID": "bde0c730-8252-4512-a1d1-86702c5b467b",
              "isHook": true,
              "skipped": false
            },
            {
              "title": "\"after each\" hook in \"SauceDemo website – Login & Sort product name Z→A\"",
              "fullTitle": "SauceDemo website – Login & Sort product name Z→A \"after each\" hook in \"SauceDemo website – Login & Sort product name Z→A\"",
              "timedOut": false,
              "duration": 56,
              "state": null,
              "speed": null,
              "pass": false,
              "fail": false,
              "pending": false,
              "context": null,
              "code": "if (!driver) return;\ntry {\n  await driver.quit();\n} finally {\n  driver = null;\n}",
              "err": {},
              "uuid": "1181b8b9-5065-452b-81ea-95607605c3e9",
              "parentUUID": "bde0c730-8252-4512-a1d1-86702c5b467b",
              "isHook": true,
              "skipped": false
            }
          ],
          "tests": [
            {
              "title": "Successfully login & sort product name from Z→A",
              "fullTitle": "SauceDemo website – Login & Sort product name Z→A Successfully login & sort product name from Z→A",
              "timedOut": false,
              "duration": 922,
              "state": "failed",
              "speed": null,
              "pass": false,
              "fail": true,
              "pending": false,
              "context": null,
              "code": "await driver.get('https://www.saucedemo.com');\n// Validate title\nconst title = await driver.getTitle();\nassert.strictEqual(title, 'Swag Labs');\n// Login\nconst inputUsername = await driver.findElement(By.css('[data-test=\"username\"]'));\nconst inputPassword = await driver.findElement(By.css('[data-test=\"password\"]'));\nconst buttonLogin   = await driver.findElement(By.css('[data-test=\"login-button\"]'));\nawait inputUsername.sendKeys('standard_user');\nawait inputPassword.sendKeys('secret_sauce');\nawait buttonLogin.click();\n// Wait inventory page visible\nconst cartLink = await driver.wait(\n  until.elementLocated(By.css('[data-test=\"shopping-cart-link\"]')),\n  10_000\n);\nawait driver.wait(until.elementIsVisible(cartLink), 5_000);\nassert.ok(await cartLink.isDisplayed(), 'Shopping cart should be displayed');\n// Verify logo text\nconst logoText = await driver.findElement(By.css('.app_logo')).getText();\nassert.strictEqual(logoText, 'Swag Labs');\n\n  // Sort Z→A\nconst sortSelect = await driver.findElement(By.css('select[data-test=\"product-sort-container\"]'));\nawait sortSelect.click();\n\nconst optionZa = await driver.findElement(By.css('option[value=\"za\"]'));\nawait optionZa.click();\n\n// Verify that \"Name (Z to A)\" is selected\nassert.ok(await optionZa.isSelected(), '\"Name (Z to A)\" option should be active');\n\n// ✅ Wait until products are reloaded\nawait driver.wait(until.elementLocated(By.css('.inventory_item_name')), 5000);\n\n// ✅ Re-fetch product names AFTER sorting (avoid stale element reference)\nconst nameElements = await driver.findElements(By.css('.inventory_item_name'));\nconst names = [];\nfor (const el of nameElements) names.push((await el.getText()).trim());\n\n// Verify names are sorted Z→A\nconst expected = [...names].sort((a, b) => b.localeCompare(a));\nassert.deepStrictEqual(names, expected, 'Product names should be sorted Z→A');",
              "err": {
                "message": "StaleElementReferenceError: stale element reference: stale element not found in the current frame\n  (Session info: chrome=141.0.7390.123)",
                "estack": "StaleElementReferenceError: stale element reference: stale element not found in the current frame\n  (Session info: chrome=141.0.7390.123)\n    at Object.throwDecodedError (node_modules/selenium-webdriver/lib/error.js:523:15)\n    at parseHttpResponse (node_modules/selenium-webdriver/lib/http.js:524:13)\n    at Executor.execute (node_modules/selenium-webdriver/lib/http.js:456:28)\n    at process.processTicksAndRejections (node:internal/process/task_queues:105:5)\n    at async Driver.execute (node_modules/selenium-webdriver/lib/webdriver.js:745:17)\n    at async Context.<anonymous> (tests/sesi10_putristphn.js:83:11)",
                "diff": null
              },
              "uuid": "bc489c67-cc49-41b5-b06a-0905633d0cbd",
              "parentUUID": "bde0c730-8252-4512-a1d1-86702c5b467b",
              "isHook": false,
              "skipped": false
            }
          ],
          "suites": [],
          "passes": [],
          "failures": [
            "bc489c67-cc49-41b5-b06a-0905633d0cbd"
          ],
          "pending": [],
          "skipped": [],
          "duration": 922,
          "root": false,
          "rootEmpty": false,
          "_timeout": 30000
        }
      ],
      "passes": [],
      "failures": [],
      "pending": [],
      "skipped": [],
      "duration": 0,
      "root": true,
      "rootEmpty": true,
      "_timeout": 2000
    }
  ],
  "meta": {
    "mocha": {
      "version": "10.8.2"
    },
    "mochawesome": {
      "options": {
        "quiet": false,
        "reportFilename": "mochawesome",
        "saveHtml": true,
        "saveJson": true,
        "consoleReporter": "spec",
        "useInlineDiffs": false,
        "code": true
      },
      "version": "7.1.4"
    },
    "marge": {
      "options": null,
      "version": "6.3.0"
    }
  }
}